SF:lib/main.dart
DA:8,0
DA:9,0
DA:10,0
DA:14,2
DA:16,1
DA:18,1
DA:21,2
DA:27,1
DA:28,1
DA:29,0
LF:10
LH:6
end_of_record
SF:lib/di/app_di.dart
DA:8,3
DA:10,0
DA:11,0
DA:12,0
DA:13,0
DA:15,0
LF:6
LH:1
end_of_record
SF:lib/features/anime/di/anime_di.dart
DA:9,0
DA:10,0
DA:11,0
DA:12,0
DA:13,0
DA:14,0
DA:15,0
DA:16,0
DA:17,0
LF:9
LH:0
end_of_record
SF:lib/features/anime/anime_card.dart
DA:7,0
DA:10,0
DA:12,0
DA:14,0
DA:18,0
DA:19,0
DA:20,0
DA:21,0
DA:22,0
DA:24,0
DA:25,0
DA:26,0
DA:27,0
DA:28,0
DA:31,0
DA:36,0
DA:46,0
DA:49,0
DA:51,0
DA:53,0
DA:55,0
DA:58,0
DA:59,0
DA:60,0
DA:61,0
DA:62,0
DA:64,0
DA:67,0
DA:68,0
DA:69,0
DA:75,0
DA:76,0
DA:77,0
DA:78,0
DA:79,0
DA:80,0
LF:36
LH:0
end_of_record
SF:lib/features/anime/anime_entity.dart
DA:10,0
DA:20,0
DA:21,0
DA:22,0
DA:23,0
DA:24,0
DA:25,0
DA:26,0
DA:27,0
DA:28,0
LF:10
LH:0
end_of_record
SF:lib/features/anime/anime_character_entity.dart
DA:6,0
DA:12,0
DA:13,0
DA:14,0
DA:15,0
DA:16,0
LF:6
LH:0
end_of_record
SF:lib/features/anime/anime_detail.dart
DA:11,0
DA:15,0
DA:16,0
DA:17,0
DA:18,0
DA:19,0
DA:24,0
DA:25,0
DA:26,0
DA:27,0
DA:28,0
DA:29,0
DA:32,0
DA:35,0
DA:37,0
DA:39,0
DA:40,0
DA:41,0
DA:43,0
DA:45,0
DA:47,0
DA:48,0
DA:49,0
DA:50,0
DA:51,0
DA:52,0
DA:55,0
DA:60,0
DA:62,0
DA:63,0
DA:64,0
DA:67,0
DA:69,0
DA:72,0
DA:74,0
DA:75,0
DA:78,0
DA:80,0
DA:81,0
DA:82,0
DA:83,0
DA:87,0
DA:89,0
DA:95,0
DA:97,0
LF:45
LH:0
end_of_record
SF:lib/features/anime/character_item.dart
DA:7,0
DA:10,0
DA:12,0
DA:14,0
DA:16,0
DA:17,0
DA:18,0
DA:19,0
DA:22,0
DA:26,0
DA:27,0
DA:28,0
LF:12
LH:0
end_of_record
SF:lib/features/anime/anime_home.dart
DA:7,0
DA:9,0
DA:10,0
DA:16,0
DA:18,0
DA:19,0
DA:20,0
DA:21,0
DA:22,0
DA:24,0
DA:25,0
DA:26,0
DA:27,0
DA:31,0
DA:32,0
DA:33,0
LF:16
LH:0
end_of_record
SF:lib/features/anime/anime_list.dart
DA:12,2
DA:17,1
DA:18,3
DA:19,0
DA:20,0
DA:21,0
DA:26,1
DA:27,1
DA:30,1
DA:31,0
DA:33,1
DA:36,2
DA:37,3
DA:38,0
DA:39,0
DA:41,0
DA:42,0
DA:45,0
DA:48,1
DA:50,1
DA:51,1
DA:52,1
DA:53,1
DA:54,1
DA:55,1
DA:56,2
DA:60,0
DA:62,0
DA:63,0
DA:64,0
LF:30
LH:17
end_of_record
SF:lib/features/anime/domain/entities/genre_entity.dart
DA:5,0
DA:10,0
DA:11,0
DA:12,0
DA:13,0
LF:5
LH:0
end_of_record
SF:lib/features/anime/presentation/widgets/genre_list.dart
DA:12,1
DA:13,1
DA:15,1
DA:17,1
DA:18,2
DA:20,1
DA:21,0
DA:26,0
DA:27,0
DA:29,0
DA:30,0
DA:31,0
DA:32,0
DA:33,0
DA:34,0
DA:37,0
LF:16
LH:6
end_of_record
SF:lib/features/anime/data/datasources/remote/anime_genre_remote_datasource.dart
DA:10,0
DA:12,0
DA:14,0
DA:15,0
DA:17,0
DA:18,0
DA:21,0
DA:23,0
LF:8
LH:0
end_of_record
SF:lib/features/anime/data/models/anime_genre_model.dart
DA:7,0
DA:13,0
DA:14,0
DA:16,0
LF:4
LH:0
end_of_record
SF:lib/features/anime/data/models/anime_genre_model.g.dart
DA:9,0
DA:10,0
DA:11,0
DA:12,0
DA:15,0
DA:16,0
DA:17,0
DA:18,0
LF:8
LH:0
end_of_record
SF:lib/features/anime/data/repositories/anime_genre_respository_impl.dart
DA:14,0
DA:17,0
DA:18,0
DA:20,0
DA:22,0
DA:24,0
DA:25,0
DA:26,0
LF:8
LH:0
end_of_record
SF:lib/features/anime/domain/usecases/get_anime_genre_list_usecase.dart
DA:9,0
DA:11,0
DA:12,0
LF:3
LH:0
end_of_record
SF:lib/features/anime/presentation/bloc/anime_state.dart
DA:6,0
DA:14,0
DA:15,0
LF:3
LH:0
end_of_record
SF:lib/features/anime/presentation/bloc/anime_bloc.dart
DA:11,0
DA:12,0
DA:13,0
DA:14,0
DA:15,0
DA:17,0
DA:18,0
DA:19,0
DA:20,0
LF:9
LH:0
end_of_record
SF:lib/features/anime/presentation/views/anime_view.dart
DA:12,1
DA:14,1
DA:15,1
DA:21,1
DA:23,1
DA:24,1
DA:25,1
DA:26,3
DA:27,1
DA:28,1
DA:29,1
DA:31,1
DA:32,1
DA:33,0
DA:34,0
DA:38,1
DA:39,1
DA:40,1
LF:18
LH:16
end_of_record
SF:lib/features/anime/presentation/widgets/genre_item.dart
DA:9,0
DA:14,0
DA:16,0
DA:18,0
DA:19,0
DA:20,0
DA:21,0
DA:22,0
DA:23,0
DA:25,0
DA:29,0
DA:30,0
DA:31,0
LF:13
LH:0
end_of_record
